[debug] [2024-06-03T07:21:36.102Z] ----------------------------------------------------------------------
[debug] [2024-06-03T07:21:36.114Z] Command:       C:\Program Files\nodejs\node.exe C:\Users\HP 640\AppData\Roaming\npm\node_modules\firebase-tools\lib\bin\firebase.js init
[debug] [2024-06-03T07:21:36.115Z] CLI Version:   13.6.1
[debug] [2024-06-03T07:21:36.115Z] Platform:      win32
[debug] [2024-06-03T07:21:36.116Z] Node Version:  v20.12.2
[debug] [2024-06-03T07:21:36.116Z] Time:          Mon Jun 03 2024 08:21:36 GMT+0100 (West Africa Standard Time)
[debug] [2024-06-03T07:21:36.117Z] ----------------------------------------------------------------------
[debug] 
[debug] [2024-06-03T07:21:36.125Z] >>> [apiv2][query] GET https://firebase-public.firebaseio.com/cli.json [none]
[debug] [2024-06-03T07:21:36.389Z] > command requires scopes: ["email","openid","https://www.googleapis.com/auth/cloudplatformprojects.readonly","https://www.googleapis.com/auth/firebase","https://www.googleapis.com/auth/cloud-platform"]
[debug] [2024-06-03T07:21:36.390Z] > authorizing via signed-in user (michaelchisom700@gmail.com)
[info] 
     ######## #### ########  ######## ########     ###     ######  ########
     ##        ##  ##     ## ##       ##     ##  ##   ##  ##       ##
     ######    ##  ########  ######   ########  #########  ######  ######
     ##        ##  ##    ##  ##       ##     ## ##     ##       ## ##
     ##       #### ##     ## ######## ########  ##     ##  ######  ########

You're about to initialize a Firebase project in this directory:

  C:\Users\HP 640\Documents\WEB-DEVELOPMENT\react\my-blog

Before we get started, keep in mind:

  * You are initializing within an existing Firebase project directory

[debug] [2024-06-03T07:21:37.082Z] <<< [apiv2][status] GET https://firebase-public.firebaseio.com/cli.json 200
[debug] [2024-06-03T07:21:37.083Z] <<< [apiv2][body] GET https://firebase-public.firebaseio.com/cli.json {"cloudBuildErrorAfter":1594252800000,"cloudBuildWarnAfter":1590019200000,"defaultNode10After":1594252800000,"minVersion":"3.0.5","node8DeploysDisabledAfter":1613390400000,"node8RuntimeDisabledAfter":1615809600000,"node8WarnAfter":1600128000000}
